<?xml version="1.0" encoding="UTF-8"?>
<!-- Generated by org.testng.reporters.JUnitXMLReporter -->
<testsuite ignored="0" hostname="DESKTOP-2R2F6VF" failures="0" tests="17" name="Default test" time="22.803" errors="0" timestamp="2026-03-01T00:04:55 IST">
  <testcase classname="Test.TC02_Home" name="verifyCompanyName" time="0.142"/>
  <testcase classname="Test.TC02_Home" name="verifyDropdownOptions" time="0.339"/>
  <testcase classname="Test.TC02_Home" name="verifyLinkNames" time="0.113"/>
  <testcase classname="Test.TC02_Home" name="verifyLinkNames" time="0.128"/>
  <testcase classname="Test.TC02_Home" name="verifyWarningMessageWithoutSignIn" time="1.513"/>
  <testcase classname="Test.TC02_Home" name="verifyWarningMessageWithoutSignIn" time="1.476"/>
  <testcase classname="Test.TC02_Home" name="verifyWarningMessageWithoutSignIn" time="1.503"/>
  <testcase classname="Test.TC02_Home" name="verifyWarningMessageWithoutSignIn" time="1.767"/>
  <testcase classname="Test.TC02_Home" name="verifyWarningMessageWithoutSignIn" time="1.512"/>
  <testcase classname="Test.TC02_Home" name="verifyWarningMessageWithoutSignIn" time="1.528"/>
  <testcase classname="Test.TC02_Home" name="verifyWarningMessageWithoutSignIn_Tabs" time="0.849"/>
  <testcase classname="Test.TC02_Home" name="verifyWarningMessageWithoutSignIn_Tabs" time="0.877"/>
  <testcase classname="Test.TC02_Home" name="verifyWarningMessageWithoutSignIn_Tabs" time="0.921"/>
  <testcase classname="Test.TC02_Home" name="verifyWarningMessageWithoutSignIn_Tabs" time="0.925"/>
  <testcase classname="Test.TC02_Home" name="verifyWarningMessageWithoutSignIn_Tabs" time="0.983"/>
  <testcase classname="Test.TC02_Home" name="verifyWarningMessageWithoutSignIn_Tabs" time="1.077"/>
  <testcase classname="Test.TC02_Home" name="verifyWarningMessageWithoutSignIn_Tabs" time="1.201"/>
</testsuite> <!-- Default test -->
