<?xml version="1.0" encoding="UTF-8"?>
<testng-results ignored="0" total="15" passed="15" failed="0" skipped="0">
  <reporter-output>
  </reporter-output>
  <suite started-at="2026-03-03T02:04:33 IST" name="Default suite" finished-at="2026-03-03T02:05:16 IST" duration-ms="43128">
    <groups>
      <group name="Get Started">
        <method signature="TC04_Home_withSignin.verifyHomeLinkText(java.lang.String)[pri:0, instance:Test.TC04_Home_withSignin@a23a01d]" name="verifyHomeLinkText" class="Test.TC04_Home_withSignin"/>
        <method signature="TC04_Home_withSignin.verifyPagedetails_OnClickingOptions(java.lang.String,java.lang.String)[pri:0, instance:Test.TC04_Home_withSignin@a23a01d]" name="verifyPagedetails_OnClickingOptions" class="Test.TC04_Home_withSignin"/>
        <method signature="TC04_Home_withSignin.verifyPagedetails_OnClickingTabs(java.lang.String,java.lang.String)[pri:0, instance:Test.TC04_Home_withSignin@a23a01d]" name="verifyPagedetails_OnClickingTabs" class="Test.TC04_Home_withSignin"/>
      </group> <!-- Get Started -->
      <group name="Sign in">
        <method signature="TC04_Home_withSignin.verifyHomeLinkText(java.lang.String)[pri:0, instance:Test.TC04_Home_withSignin@a23a01d]" name="verifyHomeLinkText" class="Test.TC04_Home_withSignin"/>
        <method signature="TC04_Home_withSignin.verifyPagedetails_OnClickingOptions(java.lang.String,java.lang.String)[pri:0, instance:Test.TC04_Home_withSignin@a23a01d]" name="verifyPagedetails_OnClickingOptions" class="Test.TC04_Home_withSignin"/>
        <method signature="TC04_Home_withSignin.verifyPagedetails_OnClickingTabs(java.lang.String,java.lang.String)[pri:0, instance:Test.TC04_Home_withSignin@a23a01d]" name="verifyPagedetails_OnClickingTabs" class="Test.TC04_Home_withSignin"/>
      </group> <!-- Sign in -->
    </groups>
    <test started-at="2026-03-03T02:04:33 IST" name="Default test" finished-at="2026-03-03T02:05:16 IST" duration-ms="43128">
      <class name="Test.TC04_Home_withSignin">
        <test-method is-config="true" signature="setBrowser(java.lang.String)[pri:0, instance:Test.TC04_Home_withSignin@a23a01d]" started-at="2026-03-03T02:04:31 IST" name="setBrowser" finished-at="2026-03-03T02:04:33 IST" duration-ms="1206" status="PASS">
          <params>
            <param index="0">
              <value>
                <![CDATA[chrome]]>
              </value>
            </param>
          </params>
          <reporter-output>
          </reporter-output>
        </test-method> <!-- setBrowser -->
        <test-method is-config="true" signature="setUp()[pri:0, instance:Test.TC04_Home_withSignin@a23a01d]" started-at="2026-03-03T02:04:33 IST" name="setUp" finished-at="2026-03-03T02:04:40 IST" duration-ms="7821" status="PASS">
          <reporter-output>
          </reporter-output>
        </test-method> <!-- setUp -->
        <test-method signature="verifyHomeLinkText(java.lang.String)[pri:0, instance:Test.TC04_Home_withSignin@a23a01d]" started-at="2026-03-03T02:04:40 IST" name="verifyHomeLinkText" data-provider="HomeLinkText" finished-at="2026-03-03T02:04:41 IST" duration-ms="94" status="PASS">
          <params>
            <param index="0">
              <value>
                <![CDATA[ValidUser]]>
              </value>
            </param>
          </params>
          <reporter-output>
          </reporter-output>
        </test-method> <!-- verifyHomeLinkText -->
        <test-method signature="verifyHomeLinkText(java.lang.String)[pri:0, instance:Test.TC04_Home_withSignin@a23a01d]" started-at="2026-03-03T02:04:41 IST" name="verifyHomeLinkText" data-provider="HomeLinkText" finished-at="2026-03-03T02:04:41 IST" duration-ms="66" status="PASS">
          <params>
            <param index="0">
              <value>
                <![CDATA[Sign out]]>
              </value>
            </param>
          </params>
          <reporter-output>
          </reporter-output>
        </test-method> <!-- verifyHomeLinkText -->
        <test-method signature="verifyPagedetails_OnClickingOptions(java.lang.String,java.lang.String)[pri:0, instance:Test.TC04_Home_withSignin@a23a01d]" started-at="2026-03-03T02:04:41 IST" name="verifyPagedetails_OnClickingOptions" data-provider="HomeOptionsWithSignin" finished-at="2026-03-03T02:04:42 IST" duration-ms="1331" status="PASS">
          <params>
            <param index="0">
              <value>
                <![CDATA[Arrays]]>
              </value>
            </param>
            <param index="1">
              <value>
                <![CDATA[Array]]>
              </value>
            </param>
          </params>
          <reporter-output>
          </reporter-output>
        </test-method> <!-- verifyPagedetails_OnClickingOptions -->
        <test-method signature="verifyPagedetails_OnClickingOptions(java.lang.String,java.lang.String)[pri:0, instance:Test.TC04_Home_withSignin@a23a01d]" started-at="2026-03-03T02:04:42 IST" name="verifyPagedetails_OnClickingOptions" data-provider="HomeOptionsWithSignin" finished-at="2026-03-03T02:04:43 IST" duration-ms="1528" status="PASS">
          <params>
            <param index="0">
              <value>
                <![CDATA[Linked List]]>
              </value>
            </param>
            <param index="1">
              <value>
                <![CDATA[Linked List]]>
              </value>
            </param>
          </params>
          <reporter-output>
          </reporter-output>
        </test-method> <!-- verifyPagedetails_OnClickingOptions -->
        <test-method signature="verifyPagedetails_OnClickingOptions(java.lang.String,java.lang.String)[pri:0, instance:Test.TC04_Home_withSignin@a23a01d]" started-at="2026-03-03T02:04:43 IST" name="verifyPagedetails_OnClickingOptions" data-provider="HomeOptionsWithSignin" finished-at="2026-03-03T02:04:44 IST" duration-ms="1026" status="PASS">
          <params>
            <param index="0">
              <value>
                <![CDATA[Stack]]>
              </value>
            </param>
            <param index="1">
              <value>
                <![CDATA[Stack]]>
              </value>
            </param>
          </params>
          <reporter-output>
          </reporter-output>
        </test-method> <!-- verifyPagedetails_OnClickingOptions -->
        <test-method signature="verifyPagedetails_OnClickingOptions(java.lang.String,java.lang.String)[pri:0, instance:Test.TC04_Home_withSignin@a23a01d]" started-at="2026-03-03T02:04:45 IST" name="verifyPagedetails_OnClickingOptions" data-provider="HomeOptionsWithSignin" finished-at="2026-03-03T02:04:46 IST" duration-ms="1033" status="PASS">
          <params>
            <param index="0">
              <value>
                <![CDATA[Queue]]>
              </value>
            </param>
            <param index="1">
              <value>
                <![CDATA[Queue]]>
              </value>
            </param>
          </params>
          <reporter-output>
          </reporter-output>
        </test-method> <!-- verifyPagedetails_OnClickingOptions -->
        <test-method signature="verifyPagedetails_OnClickingOptions(java.lang.String,java.lang.String)[pri:0, instance:Test.TC04_Home_withSignin@a23a01d]" started-at="2026-03-03T02:04:46 IST" name="verifyPagedetails_OnClickingOptions" data-provider="HomeOptionsWithSignin" finished-at="2026-03-03T02:04:47 IST" duration-ms="1543" status="PASS">
          <params>
            <param index="0">
              <value>
                <![CDATA[Tree]]>
              </value>
            </param>
            <param index="1">
              <value>
                <![CDATA[Tree]]>
              </value>
            </param>
          </params>
          <reporter-output>
          </reporter-output>
        </test-method> <!-- verifyPagedetails_OnClickingOptions -->
        <test-method signature="verifyPagedetails_OnClickingOptions(java.lang.String,java.lang.String)[pri:0, instance:Test.TC04_Home_withSignin@a23a01d]" started-at="2026-03-03T02:04:47 IST" name="verifyPagedetails_OnClickingOptions" data-provider="HomeOptionsWithSignin" finished-at="2026-03-03T02:04:48 IST" duration-ms="1080" status="PASS">
          <params>
            <param index="0">
              <value>
                <![CDATA[Graph]]>
              </value>
            </param>
            <param index="1">
              <value>
                <![CDATA[Graph]]>
              </value>
            </param>
          </params>
          <reporter-output>
          </reporter-output>
        </test-method> <!-- verifyPagedetails_OnClickingOptions -->
        <test-method signature="verifyPagedetails_OnClickingTabs(java.lang.String,java.lang.String)[pri:0, instance:Test.TC04_Home_withSignin@a23a01d]" started-at="2026-03-03T02:04:48 IST" name="verifyPagedetails_OnClickingTabs" data-provider="TabNameWithSignin" finished-at="2026-03-03T02:04:50 IST" duration-ms="1440" status="PASS">
          <params>
            <param index="0">
              <value>
                <![CDATA[Array]]>
              </value>
            </param>
            <param index="1">
              <value>
                <![CDATA[Array]]>
              </value>
            </param>
          </params>
          <reporter-output>
          </reporter-output>
        </test-method> <!-- verifyPagedetails_OnClickingTabs -->
        <test-method signature="verifyPagedetails_OnClickingTabs(java.lang.String,java.lang.String)[pri:0, instance:Test.TC04_Home_withSignin@a23a01d]" started-at="2026-03-03T02:04:50 IST" name="verifyPagedetails_OnClickingTabs" data-provider="TabNameWithSignin" finished-at="2026-03-03T02:04:59 IST" duration-ms="9034" status="PASS">
          <params>
            <param index="0">
              <value>
                <![CDATA[Linked List]]>
              </value>
            </param>
            <param index="1">
              <value>
                <![CDATA[Linked List]]>
              </value>
            </param>
          </params>
          <reporter-output>
          </reporter-output>
        </test-method> <!-- verifyPagedetails_OnClickingTabs -->
        <test-method signature="verifyPagedetails_OnClickingTabs(java.lang.String,java.lang.String)[pri:0, instance:Test.TC04_Home_withSignin@a23a01d]" started-at="2026-03-03T02:04:59 IST" name="verifyPagedetails_OnClickingTabs" data-provider="TabNameWithSignin" finished-at="2026-03-03T02:05:05 IST" duration-ms="6486" status="PASS">
          <params>
            <param index="0">
              <value>
                <![CDATA[Stack]]>
              </value>
            </param>
            <param index="1">
              <value>
                <![CDATA[Stack]]>
              </value>
            </param>
          </params>
          <reporter-output>
          </reporter-output>
        </test-method> <!-- verifyPagedetails_OnClickingTabs -->
        <test-method signature="verifyPagedetails_OnClickingTabs(java.lang.String,java.lang.String)[pri:0, instance:Test.TC04_Home_withSignin@a23a01d]" started-at="2026-03-03T02:05:05 IST" name="verifyPagedetails_OnClickingTabs" data-provider="TabNameWithSignin" finished-at="2026-03-03T02:05:07 IST" duration-ms="1976" status="PASS">
          <params>
            <param index="0">
              <value>
                <![CDATA[Queue]]>
              </value>
            </param>
            <param index="1">
              <value>
                <![CDATA[Queue]]>
              </value>
            </param>
          </params>
          <reporter-output>
          </reporter-output>
        </test-method> <!-- verifyPagedetails_OnClickingTabs -->
        <test-method signature="verifyPagedetails_OnClickingTabs(java.lang.String,java.lang.String)[pri:0, instance:Test.TC04_Home_withSignin@a23a01d]" started-at="2026-03-03T02:05:07 IST" name="verifyPagedetails_OnClickingTabs" data-provider="TabNameWithSignin" finished-at="2026-03-03T02:05:10 IST" duration-ms="2735" status="PASS">
          <params>
            <param index="0">
              <value>
                <![CDATA[Tree]]>
              </value>
            </param>
            <param index="1">
              <value>
                <![CDATA[Tree]]>
              </value>
            </param>
          </params>
          <reporter-output>
          </reporter-output>
        </test-method> <!-- verifyPagedetails_OnClickingTabs -->
        <test-method signature="verifyPagedetails_OnClickingTabs(java.lang.String,java.lang.String)[pri:0, instance:Test.TC04_Home_withSignin@a23a01d]" started-at="2026-03-03T02:05:10 IST" name="verifyPagedetails_OnClickingTabs" data-provider="TabNameWithSignin" finished-at="2026-03-03T02:05:13 IST" duration-ms="3578" status="PASS">
          <params>
            <param index="0">
              <value>
                <![CDATA[Graph]]>
              </value>
            </param>
            <param index="1">
              <value>
                <![CDATA[Graph]]>
              </value>
            </param>
          </params>
          <reporter-output>
          </reporter-output>
        </test-method> <!-- verifyPagedetails_OnClickingTabs -->
        <test-method signature="verifyPagedetails_OnClickingTabs(java.lang.String,java.lang.String)[pri:0, instance:Test.TC04_Home_withSignin@a23a01d]" started-at="2026-03-03T02:05:13 IST" name="verifyPagedetails_OnClickingTabs" data-provider="TabNameWithSignin" finished-at="2026-03-03T02:05:15 IST" duration-ms="1716" status="PASS">
          <params>
            <param index="0">
              <value>
                <![CDATA[Data Structures-Introduction]]>
              </value>
            </param>
            <param index="1">
              <value>
                <![CDATA[Data Structures-Introduction]]>
              </value>
            </param>
          </params>
          <reporter-output>
          </reporter-output>
        </test-method> <!-- verifyPagedetails_OnClickingTabs -->
        <test-method is-config="true" signature="tearDown()[pri:0, instance:Test.TC04_Home_withSignin@a23a01d]" started-at="2026-03-03T02:05:15 IST" name="tearDown" finished-at="2026-03-03T02:05:16 IST" duration-ms="443" status="PASS">
          <reporter-output>
          </reporter-output>
        </test-method> <!-- tearDown -->
      </class> <!-- Test.TC04_Home_withSignin -->
    </test> <!-- Default test -->
  </suite> <!-- Default suite -->
</testng-results>
